<?xml version="1.0" encoding="UTF-8"?>
<testsuite xmlns:xsi="http://www.w3.org/2001/XMLSchema-instance" xsi:noNamespaceSchemaLocation="https://maven.apache.org/surefire/maven-surefire-plugin/xsd/surefire-test-report-3.0.xsd" version="3.0" name="com.example.microservice.domain.redis.LimiteOperacionalTest" time="0.048" tests="1" errors="0" skipped="0" failures="0">
  <properties>
    <property name="java.specification.version" value="22"/>
    <property name="sun.jnu.encoding" value="UTF-8"/>
    <property name="java.class.path" value="/Users/macmini/Documents/workspace/java/acl/target/test-classes:/Users/macmini/Documents/workspace/java/acl/target/classes:/Users/macmini/.m2/repository/org/springframework/boot/spring-boot-starter/3.1.3/spring-boot-starter-3.1.3.jar:/Users/macmini/.m2/repository/org/springframework/boot/spring-boot/3.1.3/spring-boot-3.1.3.jar:/Users/macmini/.m2/repository/org/springframework/spring-context/6.0.11/spring-context-6.0.11.jar:/Users/macmini/.m2/repository/org/springframework/boot/spring-boot-autoconfigure/3.1.3/spring-boot-autoconfigure-3.1.3.jar:/Users/macmini/.m2/repository/org/springframework/boot/spring-boot-starter-logging/3.1.3/spring-boot-starter-logging-3.1.3.jar:/Users/macmini/.m2/repository/ch/qos/logback/logback-classic/1.4.11/logback-classic-1.4.11.jar:/Users/macmini/.m2/repository/ch/qos/logback/logback-core/1.4.11/logback-core-1.4.11.jar:/Users/macmini/.m2/repository/org/apache/logging/log4j/log4j-to-slf4j/2.20.0/log4j-to-slf4j-2.20.0.jar:/Users/macmini/.m2/repository/org/apache/logging/log4j/log4j-api/2.20.0/log4j-api-2.20.0.jar:/Users/macmini/.m2/repository/org/slf4j/jul-to-slf4j/2.0.7/jul-to-slf4j-2.0.7.jar:/Users/macmini/.m2/repository/jakarta/annotation/jakarta.annotation-api/2.1.1/jakarta.annotation-api-2.1.1.jar:/Users/macmini/.m2/repository/org/springframework/spring-core/6.0.11/spring-core-6.0.11.jar:/Users/macmini/.m2/repository/org/springframework/spring-jcl/6.0.11/spring-jcl-6.0.11.jar:/Users/macmini/.m2/repository/org/yaml/snakeyaml/1.33/snakeyaml-1.33.jar:/Users/macmini/.m2/repository/org/springframework/boot/spring-boot-starter-web/3.1.3/spring-boot-starter-web-3.1.3.jar:/Users/macmini/.m2/repository/org/springframework/boot/spring-boot-starter-json/3.1.3/spring-boot-starter-json-3.1.3.jar:/Users/macmini/.m2/repository/com/fasterxml/jackson/core/jackson-databind/2.15.2/jackson-databind-2.15.2.jar:/Users/macmini/.m2/repository/com/fasterxml/jackson/core/jackson-annotations/2.15.2/jackson-annotations-2.15.2.jar:/Users/macmini/.m2/repository/com/fasterxml/jackson/core/jackson-core/2.15.2/jackson-core-2.15.2.jar:/Users/macmini/.m2/repository/com/fasterxml/jackson/datatype/jackson-datatype-jdk8/2.15.2/jackson-datatype-jdk8-2.15.2.jar:/Users/macmini/.m2/repository/com/fasterxml/jackson/datatype/jackson-datatype-jsr310/2.15.2/jackson-datatype-jsr310-2.15.2.jar:/Users/macmini/.m2/repository/com/fasterxml/jackson/module/jackson-module-parameter-names/2.15.2/jackson-module-parameter-names-2.15.2.jar:/Users/macmini/.m2/repository/org/springframework/boot/spring-boot-starter-tomcat/3.1.3/spring-boot-starter-tomcat-3.1.3.jar:/Users/macmini/.m2/repository/org/apache/tomcat/embed/tomcat-embed-core/10.1.12/tomcat-embed-core-10.1.12.jar:/Users/macmini/.m2/repository/org/apache/tomcat/embed/tomcat-embed-el/10.1.12/tomcat-embed-el-10.1.12.jar:/Users/macmini/.m2/repository/org/apache/tomcat/embed/tomcat-embed-websocket/10.1.12/tomcat-embed-websocket-10.1.12.jar:/Users/macmini/.m2/repository/org/springframework/spring-web/6.0.11/spring-web-6.0.11.jar:/Users/macmini/.m2/repository/org/springframework/spring-beans/6.0.11/spring-beans-6.0.11.jar:/Users/macmini/.m2/repository/io/micrometer/micrometer-observation/1.10.9/micrometer-observation-1.10.9.jar:/Users/macmini/.m2/repository/io/micrometer/micrometer-commons/1.10.9/micrometer-commons-1.10.9.jar:/Users/macmini/.m2/repository/org/springframework/spring-webmvc/6.0.11/spring-webmvc-6.0.11.jar:/Users/macmini/.m2/repository/org/springframework/spring-aop/6.0.11/spring-aop-6.0.11.jar:/Users/macmini/.m2/repository/org/springframework/spring-expression/6.0.11/spring-expression-6.0.11.jar:/Users/macmini/.m2/repository/com/amazonaws/aws-java-sdk-dynamodb/1.12.579/aws-java-sdk-dynamodb-1.12.579.jar:/Users/macmini/.m2/repository/com/amazonaws/aws-java-sdk-s3/1.12.579/aws-java-sdk-s3-1.12.579.jar:/Users/macmini/.m2/repository/com/amazonaws/aws-java-sdk-kms/1.12.579/aws-java-sdk-kms-1.12.579.jar:/Users/macmini/.m2/repository/com/amazonaws/aws-java-sdk-core/1.12.579/aws-java-sdk-core-1.12.579.jar:/Users/macmini/.m2/repository/commons-logging/commons-logging/1.1.3/commons-logging-1.1.3.jar:/Users/macmini/.m2/repository/commons-codec/commons-codec/1.15/commons-codec-1.15.jar:/Users/macmini/.m2/repository/org/apache/httpcomponents/httpclient/4.5.13/httpclient-4.5.13.jar:/Users/macmini/.m2/repository/org/apache/httpcomponents/httpcore/4.4.13/httpcore-4.4.13.jar:/Users/macmini/.m2/repository/software/amazon/ion/ion-java/1.0.2/ion-java-1.0.2.jar:/Users/macmini/.m2/repository/com/fasterxml/jackson/dataformat/jackson-dataformat-cbor/2.12.6/jackson-dataformat-cbor-2.12.6.jar:/Users/macmini/.m2/repository/joda-time/joda-time/2.8.1/joda-time-2.8.1.jar:/Users/macmini/.m2/repository/com/amazonaws/jmespath-java/1.12.579/jmespath-java-1.12.579.jar:/Users/macmini/.m2/repository/org/springframework/boot/spring-boot-starter-data-redis/3.3.3/spring-boot-starter-data-redis-3.3.3.jar:/Users/macmini/.m2/repository/io/lettuce/lettuce-core/6.3.2.RELEASE/lettuce-core-6.3.2.RELEASE.jar:/Users/macmini/.m2/repository/io/netty/netty-common/4.1.107.Final/netty-common-4.1.107.Final.jar:/Users/macmini/.m2/repository/io/netty/netty-handler/4.1.107.Final/netty-handler-4.1.107.Final.jar:/Users/macmini/.m2/repository/io/netty/netty-resolver/4.1.107.Final/netty-resolver-4.1.107.Final.jar:/Users/macmini/.m2/repository/io/netty/netty-buffer/4.1.107.Final/netty-buffer-4.1.107.Final.jar:/Users/macmini/.m2/repository/io/netty/netty-transport-native-unix-common/4.1.107.Final/netty-transport-native-unix-common-4.1.107.Final.jar:/Users/macmini/.m2/repository/io/netty/netty-codec/4.1.107.Final/netty-codec-4.1.107.Final.jar:/Users/macmini/.m2/repository/io/netty/netty-transport/4.1.107.Final/netty-transport-4.1.107.Final.jar:/Users/macmini/.m2/repository/io/projectreactor/reactor-core/3.6.4/reactor-core-3.6.4.jar:/Users/macmini/.m2/repository/org/reactivestreams/reactive-streams/1.0.4/reactive-streams-1.0.4.jar:/Users/macmini/.m2/repository/org/springframework/data/spring-data-redis/3.3.3/spring-data-redis-3.3.3.jar:/Users/macmini/.m2/repository/org/springframework/data/spring-data-keyvalue/3.3.3/spring-data-keyvalue-3.3.3.jar:/Users/macmini/.m2/repository/org/springframework/data/spring-data-commons/3.3.3/spring-data-commons-3.3.3.jar:/Users/macmini/.m2/repository/org/springframework/spring-tx/6.1.12/spring-tx-6.1.12.jar:/Users/macmini/.m2/repository/org/springframework/spring-oxm/6.1.12/spring-oxm-6.1.12.jar:/Users/macmini/.m2/repository/org/springframework/spring-context-support/6.1.12/spring-context-support-6.1.12.jar:/Users/macmini/.m2/repository/org/slf4j/slf4j-api/2.0.2/slf4j-api-2.0.2.jar:/Users/macmini/.m2/repository/org/springframework/boot/spring-boot-starter-test/3.1.5/spring-boot-starter-test-3.1.5.jar:/Users/macmini/.m2/repository/org/springframework/boot/spring-boot-test/3.1.5/spring-boot-test-3.1.5.jar:/Users/macmini/.m2/repository/org/springframework/boot/spring-boot-test-autoconfigure/3.1.5/spring-boot-test-autoconfigure-3.1.5.jar:/Users/macmini/.m2/repository/com/jayway/jsonpath/json-path/2.8.0/json-path-2.8.0.jar:/Users/macmini/.m2/repository/jakarta/xml/bind/jakarta.xml.bind-api/4.0.1/jakarta.xml.bind-api-4.0.1.jar:/Users/macmini/.m2/repository/jakarta/activation/jakarta.activation-api/2.1.2/jakarta.activation-api-2.1.2.jar:/Users/macmini/.m2/repository/net/minidev/json-smart/2.4.11/json-smart-2.4.11.jar:/Users/macmini/.m2/repository/net/minidev/accessors-smart/2.4.11/accessors-smart-2.4.11.jar:/Users/macmini/.m2/repository/org/ow2/asm/asm/9.3/asm-9.3.jar:/Users/macmini/.m2/repository/org/assertj/assertj-core/3.24.2/assertj-core-3.24.2.jar:/Users/macmini/.m2/repository/org/hamcrest/hamcrest/2.2/hamcrest-2.2.jar:/Users/macmini/.m2/repository/org/junit/jupiter/junit-jupiter/5.9.3/junit-jupiter-5.9.3.jar:/Users/macmini/.m2/repository/org/junit/jupiter/junit-jupiter-params/5.9.3/junit-jupiter-params-5.9.3.jar:/Users/macmini/.m2/repository/org/junit/jupiter/junit-jupiter-engine/5.9.3/junit-jupiter-engine-5.9.3.jar:/Users/macmini/.m2/repository/org/junit/platform/junit-platform-engine/1.9.3/junit-platform-engine-1.9.3.jar:/Users/macmini/.m2/repository/org/skyscreamer/jsonassert/1.5.1/jsonassert-1.5.1.jar:/Users/macmini/.m2/repository/com/vaadin/external/google/android-json/0.0.20131108.vaadin1/android-json-0.0.20131108.vaadin1.jar:/Users/macmini/.m2/repository/org/springframework/spring-test/6.0.13/spring-test-6.0.13.jar:/Users/macmini/.m2/repository/org/xmlunit/xmlunit-core/2.9.1/xmlunit-core-2.9.1.jar:/Users/macmini/.m2/repository/junit/junit/4.13.2/junit-4.13.2.jar:/Users/macmini/.m2/repository/org/hamcrest/hamcrest-core/1.3/hamcrest-core-1.3.jar:/Users/macmini/.m2/repository/org/mockito/mockito-core/5.4.0/mockito-core-5.4.0.jar:/Users/macmini/.m2/repository/net/bytebuddy/byte-buddy/1.14.5/byte-buddy-1.14.5.jar:/Users/macmini/.m2/repository/net/bytebuddy/byte-buddy-agent/1.14.5/byte-buddy-agent-1.14.5.jar:/Users/macmini/.m2/repository/org/objenesis/objenesis/3.3/objenesis-3.3.jar:/Users/macmini/.m2/repository/org/mockito/mockito-junit-jupiter/5.4.0/mockito-junit-jupiter-5.4.0.jar:/Users/macmini/.m2/repository/org/junit/jupiter/junit-jupiter-api/5.9.3/junit-jupiter-api-5.9.3.jar:/Users/macmini/.m2/repository/org/opentest4j/opentest4j/1.2.0/opentest4j-1.2.0.jar:/Users/macmini/.m2/repository/org/junit/platform/junit-platform-commons/1.9.3/junit-platform-commons-1.9.3.jar:/Users/macmini/.m2/repository/org/apiguardian/apiguardian-api/1.1.2/apiguardian-api-1.1.2.jar:/Users/macmini/.m2/repository/org/mockito/mockito-inline/5.2.0/mockito-inline-5.2.0.jar:"/>
    <property name="java.vm.vendor" value="Homebrew"/>
    <property name="sun.arch.data.model" value="64"/>
    <property name="java.vendor.url" value="https://github.com/Homebrew/homebrew-core/issues"/>
    <property name="os.name" value="Mac OS X"/>
    <property name="java.vm.specification.version" value="22"/>
    <property name="sun.java.launcher" value="SUN_STANDARD"/>
    <property name="user.country" value="BR"/>
    <property name="sun.boot.library.path" value="/usr/local/Cellar/openjdk/22.0.2/libexec/openjdk.jdk/Contents/Home/lib"/>
    <property name="sun.java.command" value="/Users/macmini/Documents/workspace/java/acl/target/surefire/surefirebooter-20240915015840001_3.jar /Users/macmini/Documents/workspace/java/acl/target/surefire 2024-09-15T01-58-39_921-jvmRun1 surefire-20240915015840001_1tmp surefire_0-20240915015840001_2tmp"/>
    <property name="http.nonProxyHosts" value="local|*.local|169.254/16|*.169.254/16"/>
    <property name="jdk.debug" value="release"/>
    <property name="surefire.test.class.path" value="/Users/macmini/Documents/workspace/java/acl/target/test-classes:/Users/macmini/Documents/workspace/java/acl/target/classes:/Users/macmini/.m2/repository/org/springframework/boot/spring-boot-starter/3.1.3/spring-boot-starter-3.1.3.jar:/Users/macmini/.m2/repository/org/springframework/boot/spring-boot/3.1.3/spring-boot-3.1.3.jar:/Users/macmini/.m2/repository/org/springframework/spring-context/6.0.11/spring-context-6.0.11.jar:/Users/macmini/.m2/repository/org/springframework/boot/spring-boot-autoconfigure/3.1.3/spring-boot-autoconfigure-3.1.3.jar:/Users/macmini/.m2/repository/org/springframework/boot/spring-boot-starter-logging/3.1.3/spring-boot-starter-logging-3.1.3.jar:/Users/macmini/.m2/repository/ch/qos/logback/logback-classic/1.4.11/logback-classic-1.4.11.jar:/Users/macmini/.m2/repository/ch/qos/logback/logback-core/1.4.11/logback-core-1.4.11.jar:/Users/macmini/.m2/repository/org/apache/logging/log4j/log4j-to-slf4j/2.20.0/log4j-to-slf4j-2.20.0.jar:/Users/macmini/.m2/repository/org/apache/logging/log4j/log4j-api/2.20.0/log4j-api-2.20.0.jar:/Users/macmini/.m2/repository/org/slf4j/jul-to-slf4j/2.0.7/jul-to-slf4j-2.0.7.jar:/Users/macmini/.m2/repository/jakarta/annotation/jakarta.annotation-api/2.1.1/jakarta.annotation-api-2.1.1.jar:/Users/macmini/.m2/repository/org/springframework/spring-core/6.0.11/spring-core-6.0.11.jar:/Users/macmini/.m2/repository/org/springframework/spring-jcl/6.0.11/spring-jcl-6.0.11.jar:/Users/macmini/.m2/repository/org/yaml/snakeyaml/1.33/snakeyaml-1.33.jar:/Users/macmini/.m2/repository/org/springframework/boot/spring-boot-starter-web/3.1.3/spring-boot-starter-web-3.1.3.jar:/Users/macmini/.m2/repository/org/springframework/boot/spring-boot-starter-json/3.1.3/spring-boot-starter-json-3.1.3.jar:/Users/macmini/.m2/repository/com/fasterxml/jackson/core/jackson-databind/2.15.2/jackson-databind-2.15.2.jar:/Users/macmini/.m2/repository/com/fasterxml/jackson/core/jackson-annotations/2.15.2/jackson-annotations-2.15.2.jar:/Users/macmini/.m2/repository/com/fasterxml/jackson/core/jackson-core/2.15.2/jackson-core-2.15.2.jar:/Users/macmini/.m2/repository/com/fasterxml/jackson/datatype/jackson-datatype-jdk8/2.15.2/jackson-datatype-jdk8-2.15.2.jar:/Users/macmini/.m2/repository/com/fasterxml/jackson/datatype/jackson-datatype-jsr310/2.15.2/jackson-datatype-jsr310-2.15.2.jar:/Users/macmini/.m2/repository/com/fasterxml/jackson/module/jackson-module-parameter-names/2.15.2/jackson-module-parameter-names-2.15.2.jar:/Users/macmini/.m2/repository/org/springframework/boot/spring-boot-starter-tomcat/3.1.3/spring-boot-starter-tomcat-3.1.3.jar:/Users/macmini/.m2/repository/org/apache/tomcat/embed/tomcat-embed-core/10.1.12/tomcat-embed-core-10.1.12.jar:/Users/macmini/.m2/repository/org/apache/tomcat/embed/tomcat-embed-el/10.1.12/tomcat-embed-el-10.1.12.jar:/Users/macmini/.m2/repository/org/apache/tomcat/embed/tomcat-embed-websocket/10.1.12/tomcat-embed-websocket-10.1.12.jar:/Users/macmini/.m2/repository/org/springframework/spring-web/6.0.11/spring-web-6.0.11.jar:/Users/macmini/.m2/repository/org/springframework/spring-beans/6.0.11/spring-beans-6.0.11.jar:/Users/macmini/.m2/repository/io/micrometer/micrometer-observation/1.10.9/micrometer-observation-1.10.9.jar:/Users/macmini/.m2/repository/io/micrometer/micrometer-commons/1.10.9/micrometer-commons-1.10.9.jar:/Users/macmini/.m2/repository/org/springframework/spring-webmvc/6.0.11/spring-webmvc-6.0.11.jar:/Users/macmini/.m2/repository/org/springframework/spring-aop/6.0.11/spring-aop-6.0.11.jar:/Users/macmini/.m2/repository/org/springframework/spring-expression/6.0.11/spring-expression-6.0.11.jar:/Users/macmini/.m2/repository/com/amazonaws/aws-java-sdk-dynamodb/1.12.579/aws-java-sdk-dynamodb-1.12.579.jar:/Users/macmini/.m2/repository/com/amazonaws/aws-java-sdk-s3/1.12.579/aws-java-sdk-s3-1.12.579.jar:/Users/macmini/.m2/repository/com/amazonaws/aws-java-sdk-kms/1.12.579/aws-java-sdk-kms-1.12.579.jar:/Users/macmini/.m2/repository/com/amazonaws/aws-java-sdk-core/1.12.579/aws-java-sdk-core-1.12.579.jar:/Users/macmini/.m2/repository/commons-logging/commons-logging/1.1.3/commons-logging-1.1.3.jar:/Users/macmini/.m2/repository/commons-codec/commons-codec/1.15/commons-codec-1.15.jar:/Users/macmini/.m2/repository/org/apache/httpcomponents/httpclient/4.5.13/httpclient-4.5.13.jar:/Users/macmini/.m2/repository/org/apache/httpcomponents/httpcore/4.4.13/httpcore-4.4.13.jar:/Users/macmini/.m2/repository/software/amazon/ion/ion-java/1.0.2/ion-java-1.0.2.jar:/Users/macmini/.m2/repository/com/fasterxml/jackson/dataformat/jackson-dataformat-cbor/2.12.6/jackson-dataformat-cbor-2.12.6.jar:/Users/macmini/.m2/repository/joda-time/joda-time/2.8.1/joda-time-2.8.1.jar:/Users/macmini/.m2/repository/com/amazonaws/jmespath-java/1.12.579/jmespath-java-1.12.579.jar:/Users/macmini/.m2/repository/org/springframework/boot/spring-boot-starter-data-redis/3.3.3/spring-boot-starter-data-redis-3.3.3.jar:/Users/macmini/.m2/repository/io/lettuce/lettuce-core/6.3.2.RELEASE/lettuce-core-6.3.2.RELEASE.jar:/Users/macmini/.m2/repository/io/netty/netty-common/4.1.107.Final/netty-common-4.1.107.Final.jar:/Users/macmini/.m2/repository/io/netty/netty-handler/4.1.107.Final/netty-handler-4.1.107.Final.jar:/Users/macmini/.m2/repository/io/netty/netty-resolver/4.1.107.Final/netty-resolver-4.1.107.Final.jar:/Users/macmini/.m2/repository/io/netty/netty-buffer/4.1.107.Final/netty-buffer-4.1.107.Final.jar:/Users/macmini/.m2/repository/io/netty/netty-transport-native-unix-common/4.1.107.Final/netty-transport-native-unix-common-4.1.107.Final.jar:/Users/macmini/.m2/repository/io/netty/netty-codec/4.1.107.Final/netty-codec-4.1.107.Final.jar:/Users/macmini/.m2/repository/io/netty/netty-transport/4.1.107.Final/netty-transport-4.1.107.Final.jar:/Users/macmini/.m2/repository/io/projectreactor/reactor-core/3.6.4/reactor-core-3.6.4.jar:/Users/macmini/.m2/repository/org/reactivestreams/reactive-streams/1.0.4/reactive-streams-1.0.4.jar:/Users/macmini/.m2/repository/org/springframework/data/spring-data-redis/3.3.3/spring-data-redis-3.3.3.jar:/Users/macmini/.m2/repository/org/springframework/data/spring-data-keyvalue/3.3.3/spring-data-keyvalue-3.3.3.jar:/Users/macmini/.m2/repository/org/springframework/data/spring-data-commons/3.3.3/spring-data-commons-3.3.3.jar:/Users/macmini/.m2/repository/org/springframework/spring-tx/6.1.12/spring-tx-6.1.12.jar:/Users/macmini/.m2/repository/org/springframework/spring-oxm/6.1.12/spring-oxm-6.1.12.jar:/Users/macmini/.m2/repository/org/springframework/spring-context-support/6.1.12/spring-context-support-6.1.12.jar:/Users/macmini/.m2/repository/org/slf4j/slf4j-api/2.0.2/slf4j-api-2.0.2.jar:/Users/macmini/.m2/repository/org/springframework/boot/spring-boot-starter-test/3.1.5/spring-boot-starter-test-3.1.5.jar:/Users/macmini/.m2/repository/org/springframework/boot/spring-boot-test/3.1.5/spring-boot-test-3.1.5.jar:/Users/macmini/.m2/repository/org/springframework/boot/spring-boot-test-autoconfigure/3.1.5/spring-boot-test-autoconfigure-3.1.5.jar:/Users/macmini/.m2/repository/com/jayway/jsonpath/json-path/2.8.0/json-path-2.8.0.jar:/Users/macmini/.m2/repository/jakarta/xml/bind/jakarta.xml.bind-api/4.0.1/jakarta.xml.bind-api-4.0.1.jar:/Users/macmini/.m2/repository/jakarta/activation/jakarta.activation-api/2.1.2/jakarta.activation-api-2.1.2.jar:/Users/macmini/.m2/repository/net/minidev/json-smart/2.4.11/json-smart-2.4.11.jar:/Users/macmini/.m2/repository/net/minidev/accessors-smart/2.4.11/accessors-smart-2.4.11.jar:/Users/macmini/.m2/repository/org/ow2/asm/asm/9.3/asm-9.3.jar:/Users/macmini/.m2/repository/org/assertj/assertj-core/3.24.2/assertj-core-3.24.2.jar:/Users/macmini/.m2/repository/org/hamcrest/hamcrest/2.2/hamcrest-2.2.jar:/Users/macmini/.m2/repository/org/junit/jupiter/junit-jupiter/5.9.3/junit-jupiter-5.9.3.jar:/Users/macmini/.m2/repository/org/junit/jupiter/junit-jupiter-params/5.9.3/junit-jupiter-params-5.9.3.jar:/Users/macmini/.m2/repository/org/junit/jupiter/junit-jupiter-engine/5.9.3/junit-jupiter-engine-5.9.3.jar:/Users/macmini/.m2/repository/org/junit/platform/junit-platform-engine/1.9.3/junit-platform-engine-1.9.3.jar:/Users/macmini/.m2/repository/org/skyscreamer/jsonassert/1.5.1/jsonassert-1.5.1.jar:/Users/macmini/.m2/repository/com/vaadin/external/google/android-json/0.0.20131108.vaadin1/android-json-0.0.20131108.vaadin1.jar:/Users/macmini/.m2/repository/org/springframework/spring-test/6.0.13/spring-test-6.0.13.jar:/Users/macmini/.m2/repository/org/xmlunit/xmlunit-core/2.9.1/xmlunit-core-2.9.1.jar:/Users/macmini/.m2/repository/junit/junit/4.13.2/junit-4.13.2.jar:/Users/macmini/.m2/repository/org/hamcrest/hamcrest-core/1.3/hamcrest-core-1.3.jar:/Users/macmini/.m2/repository/org/mockito/mockito-core/5.4.0/mockito-core-5.4.0.jar:/Users/macmini/.m2/repository/net/bytebuddy/byte-buddy/1.14.5/byte-buddy-1.14.5.jar:/Users/macmini/.m2/repository/net/bytebuddy/byte-buddy-agent/1.14.5/byte-buddy-agent-1.14.5.jar:/Users/macmini/.m2/repository/org/objenesis/objenesis/3.3/objenesis-3.3.jar:/Users/macmini/.m2/repository/org/mockito/mockito-junit-jupiter/5.4.0/mockito-junit-jupiter-5.4.0.jar:/Users/macmini/.m2/repository/org/junit/jupiter/junit-jupiter-api/5.9.3/junit-jupiter-api-5.9.3.jar:/Users/macmini/.m2/repository/org/opentest4j/opentest4j/1.2.0/opentest4j-1.2.0.jar:/Users/macmini/.m2/repository/org/junit/platform/junit-platform-commons/1.9.3/junit-platform-commons-1.9.3.jar:/Users/macmini/.m2/repository/org/apiguardian/apiguardian-api/1.1.2/apiguardian-api-1.1.2.jar:/Users/macmini/.m2/repository/org/mockito/mockito-inline/5.2.0/mockito-inline-5.2.0.jar:"/>
    <property name="sun.cpu.endian" value="little"/>
    <property name="user.home" value="/Users/macmini"/>
    <property name="user.language" value="en"/>
    <property name="java.specification.vendor" value="Oracle Corporation"/>
    <property name="java.version.date" value="2024-07-16"/>
    <property name="java.home" value="/usr/local/Cellar/openjdk/22.0.2/libexec/openjdk.jdk/Contents/Home"/>
    <property name="file.separator" value="/"/>
    <property name="basedir" value="/Users/macmini/Documents/workspace/java/acl"/>
    <property name="java.vm.compressedOopsMode" value="Zero based"/>
    <property name="line.separator" value="&#10;"/>
    <property name="java.vm.specification.vendor" value="Oracle Corporation"/>
    <property name="java.specification.name" value="Java Platform API Specification"/>
    <property name="apple.awt.application.name" value="ForkedBooter"/>
    <property name="surefire.real.class.path" value="/Users/macmini/Documents/workspace/java/acl/target/surefire/surefirebooter-20240915015840001_3.jar"/>
    <property name="sun.management.compiler" value="HotSpot 64-Bit Tiered Compilers"/>
    <property name="ftp.nonProxyHosts" value="local|*.local|169.254/16|*.169.254/16"/>
    <property name="java.runtime.version" value="22.0.2"/>
    <property name="user.name" value="macmini"/>
    <property name="stdout.encoding" value="UTF-8"/>
    <property name="path.separator" value=":"/>
    <property name="os.version" value="15.0"/>
    <property name="java.runtime.name" value="OpenJDK Runtime Environment"/>
    <property name="file.encoding" value="UTF-8"/>
    <property name="java.vm.name" value="OpenJDK 64-Bit Server VM"/>
    <property name="java.vendor.version" value="Homebrew"/>
    <property name="localRepository" value="/Users/macmini/.m2/repository"/>
    <property name="java.vendor.url.bug" value="https://github.com/Homebrew/homebrew-core/issues"/>
    <property name="java.io.tmpdir" value="/var/folders/r2/dt5x4qld5z34j1kkvp5hz0r00000gn/T/"/>
    <property name="java.version" value="22.0.2"/>
    <property name="user.dir" value="/Users/macmini/Documents/workspace/java/acl"/>
    <property name="os.arch" value="x86_64"/>
    <property name="java.vm.specification.name" value="Java Virtual Machine Specification"/>
    <property name="native.encoding" value="UTF-8"/>
    <property name="java.library.path" value="/Users/macmini/Library/Java/Extensions:/Library/Java/Extensions:/Network/Library/Java/Extensions:/System/Library/Java/Extensions:/usr/lib/java:."/>
    <property name="java.vm.info" value="mixed mode, sharing"/>
    <property name="stderr.encoding" value="UTF-8"/>
    <property name="java.vendor" value="Homebrew"/>
    <property name="java.vm.version" value="22.0.2"/>
    <property name="sun.io.unicode.encoding" value="UnicodeBig"/>
    <property name="socksNonProxyHosts" value="local|*.local|169.254/16|*.169.254/16"/>
    <property name="java.class.version" value="66.0"/>
  </properties>
  <testcase name="testLimiteOperacionalCreation" classname="com.example.microservice.domain.redis.LimiteOperacionalTest" time="0.028"/>
</testsuite>